<?xml version="1.0" encoding="UTF-8"?>
<!-- Generated by org.testng.reporters.JUnitReportReporter -->
<testsuite skipped="6" hostname="ETVD120322" name="com.TestNG.Demo.GoogleTest" tests="7" failures="0" timestamp="20 Aug 2019 08:44:40 GMT" time="0.046" errors="1">
  <testcase name="googleLogo" time="0.000" classname="com.TestNG.Demo.GoogleTest">
    <skipped/>
  </testcase> <!-- googleLogo -->
  <testcase name="googleTitle" time="0.000" classname="com.TestNG.Demo.GoogleTest">
    <skipped/>
  </testcase> <!-- googleTitle -->
  <testcase name="setUp" time="0.046" classname="com.TestNG.Demo.GoogleTest">
    <error type="java.lang.IllegalStateException" message="The driver executable does not exist: F:\sravana\Ecom_Selenium_Project\Java_Practice\drivers\chromedriver.exe">
      <![CDATA[java.lang.IllegalStateException: The driver executable does not exist: F:\sravana\Ecom_Selenium_Project\Java_Practice\drivers\chromedriver.exe
at com.google.common.base.Preconditions.checkState(Preconditions.java:197)
at org.openqa.selenium.remote.service.DriverService.checkExecutable(DriverService.java:121)
at org.openqa.selenium.remote.service.DriverService.findExecutable(DriverService.java:116)
at org.openqa.selenium.chrome.ChromeDriverService.access$000(ChromeDriverService.java:32)
at org.openqa.selenium.chrome.ChromeDriverService$Builder.findDefaultExecutable(ChromeDriverService.java:137)
at org.openqa.selenium.remote.service.DriverService$Builder.build(DriverService.java:296)
at org.openqa.selenium.chrome.ChromeDriverService.createDefaultService(ChromeDriverService.java:88)
at org.openqa.selenium.chrome.ChromeDriver.<init>(ChromeDriver.java:116)
at com.TestNG.Demo.GoogleTest.setUp(GoogleTest.java:16)
at sun.reflect.NativeMethodAccessorImpl.invoke0(Native Method)
at sun.reflect.NativeMethodAccessorImpl.invoke(NativeMethodAccessorImpl.java:62)
at sun.reflect.DelegatingMethodAccessorImpl.invoke(DelegatingMethodAccessorImpl.java:43)
at java.lang.reflect.Method.invoke(Method.java:498)
at org.testng.internal.MethodInvocationHelper.invokeMethod(MethodInvocationHelper.java:124)
at org.testng.internal.MethodInvocationHelper.invokeMethodConsideringTimeout(MethodInvocationHelper.java:59)
at org.testng.internal.Invoker.invokeConfigurationMethod(Invoker.java:458)
at org.testng.internal.Invoker.invokeConfigurations(Invoker.java:222)
at org.testng.internal.Invoker.invokeMethod(Invoker.java:523)
at org.testng.internal.Invoker.invokeTestMethod(Invoker.java:719)
at org.testng.internal.Invoker.invokeTestMethods(Invoker.java:989)
at org.testng.internal.TestMethodWorker.invokeTestMethods(TestMethodWorker.java:125)
at org.testng.internal.TestMethodWorker.run(TestMethodWorker.java:109)
at org.testng.TestRunner.privateRun(TestRunner.java:648)
at org.testng.TestRunner.run(TestRunner.java:505)
at org.testng.SuiteRunner.runTest(SuiteRunner.java:455)
at org.testng.SuiteRunner.runSequentially(SuiteRunner.java:450)
at org.testng.SuiteRunner.privateRun(SuiteRunner.java:415)
at org.testng.SuiteRunner.run(SuiteRunner.java:364)
at org.testng.SuiteRunnerWorker.runSuite(SuiteRunnerWorker.java:52)
at org.testng.SuiteRunnerWorker.run(SuiteRunnerWorker.java:84)
at org.testng.TestNG.runSuitesSequentially(TestNG.java:1208)
at org.testng.TestNG.runSuitesLocally(TestNG.java:1137)
at org.testng.TestNG.runSuites(TestNG.java:1049)
at org.testng.TestNG.run(TestNG.java:1017)
at org.testng.remote.AbstractRemoteTestNG.run(AbstractRemoteTestNG.java:115)
at org.testng.remote.RemoteTestNG.initAndRun(RemoteTestNG.java:251)
at org.testng.remote.RemoteTestNG.main(RemoteTestNG.java:77)
]]>
    </error>
  </testcase> <!-- setUp -->
  <testcase name="gmailLink" time="0.000" classname="com.TestNG.Demo.GoogleTest">
    <skipped/>
  </testcase> <!-- gmailLink -->
  <testcase name="test3" time="0.000" classname="com.TestNG.Demo.GoogleTest">
    <skipped/>
  </testcase> <!-- test3 -->
  <testcase name="test2" time="0.000" classname="com.TestNG.Demo.GoogleTest">
    <skipped/>
  </testcase> <!-- test2 -->
  <testcase name="test1" time="0.000" classname="com.TestNG.Demo.GoogleTest">
    <skipped/>
  </testcase> <!-- test1 -->
</testsuite> <!-- com.TestNG.Demo.GoogleTest -->
